<?xml version="1.0" encoding="UTF-8"?>
<Site BuildName="Win32-ninja"
	BuildStamp="20250114-1823-Experimental"
	Name="Pulqui-IV"
	Generator="ctest-3.31.3"
	CompilerName="C:/msys64/ucrt64/bin/clang++.exe"
	CompilerVersion="19.1.4"
	OSName="Windows"
	Hostname="Pulqui-IV"
	OSRelease=" Personal"
	OSVersion=" (Build 22631)"
	OSPlatform="AMD64"
	Is64Bits="1"
	VendorString="AuthenticAMD"
	VendorID="Advanced Micro Devices"
	FamilyID="15"
	ModelID="0"
	ModelName="AMD Ryzen 5 5600H with Radeon Graphics         "
	ProcessorCacheSize="64"
	NumberOfLogicalCPU="12"
	NumberOfPhysicalCPU="6"
	TotalVirtualMemory="34989"
	TotalPhysicalMemory="16236"
	LogicalProcessorsPerPhysical="2"
	ProcessorClockFrequency="3293"
	>
	<Testing>
		<StartDateTime>Jan 14 15:24 Hora est[NON-UTF-8-BYTE-0xE1]ndar de Argentina</StartDateTime>
		<StartTestTime>1736879052</StartTestTime>
		<TestList/>
		<EndDateTime>Jan 14 15:24 Hora est[NON-UTF-8-BYTE-0xE1]ndar de Argentina</EndDateTime>
		<EndTestTime>1736879052</EndTestTime>
		<ElapsedMinutes>0</ElapsedMinutes>
	</Testing>
</Site>
